<?xml version="1.0" encoding="utf-8"?><testsuites name="pytest tests"><testsuite name="pytest" errors="0" failures="0" skipped="12" tests="501" time="5.769" timestamp="2025-12-10T17:08:21.021378-05:00" hostname="Rachits-MacBook-Pro.local"><testcase classname="src.adapter.tests.test_adapter_api_module_paths" name="test_adapter_calls_generated_api_modules" time="0.002" /><testcase classname="src.adapter.tests.test_adapter_api_module_paths" name="test_adapter_returns_false_on_api_exceptions" time="0.000" /><testcase classname="src.adapter.tests.test_service_adapter" name="test_service_message_and_adapter_roundtrip" time="0.000" /><testcase classname="src.adapter.tests.test_service_adapter_coverage" name="test_get_messages_typeerror_path" time="0.000" /><testcase classname="src.adapter.tests.test_service_adapter_coverage" name="test_get_message_typeerror_path" time="0.000" /><testcase classname="src.adapter.tests.test_service_adapter_coverage" name="test_delete_message_typeerror_path" time="0.000" /><testcase classname="src.adapter.tests.test_service_adapter_coverage" name="test_mark_as_read_typeerror_path" time="0.000" /><testcase classname="src.adapter.tests.test_service_adapter_coverage" name="test_delete_message_none_result" time="0.000" /><testcase classname="src.adapter.tests.test_service_adapter_coverage" name="test_mark_as_read_none_result" time="0.000" /><testcase classname="src.adapter.tests.test_service_adapter_generated_path" name="test_generated_client_code_paths" time="0.000" /><testcase classname="src.adapter.tests.test_service_adapter_generated_path" name="test_initializes_test_client" time="0.000" /><testcase classname="src.adapter.tests.test_service_adapter_generated_path" name="test_messages_api_typeerror_retry" time="0.000" /><testcase classname="src.adapter.tests.test_service_adapter_generated_path" name="test_call_generated_aliases_and_failures" time="0.000" /><testcase classname="src.adapter.tests.test_service_adapter_generated_path" name="test_instantiate_generated_client_attempts" time="0.000" /><testcase classname="src.generated_client.tests.test_api_endpoints_fake_client" name="test_list_messages_api_module" time="0.000" /><testcase classname="src.generated_client.tests.test_api_endpoints_fake_client" name="test_get_message_detail_api_module" time="0.000" /><testcase classname="src.generated_client.tests.test_api_endpoints_fake_client" name="test_mark_read_and_delete_modules" time="0.000" /><testcase classname="src.generated_client.tests.test_client_and_api_asgi" name="test_generated_client_client_and_api_asgi" time="0.012" /><testcase classname="src.generated_client.tests.test_client_behaviour" name="test_client_headers_cookies_and_context_manager" time="0.043" /><testcase classname="src.generated_client.tests.test_client_behaviour" name="test_authenticated_client_sets_auth_header" time="0.027" /><testcase classname="src.generated_client.tests.test_models_roundtrip" name="test_message_summary_roundtrip" time="0.000" /><testcase classname="src.generated_client.tests.test_models_roundtrip" name="test_message_detail_roundtrip" time="0.000" /><testcase classname="src.generated_client.tests.test_models_roundtrip_simple" name="test_message_models_roundtrip" time="0.000" /><testcase classname="src.gmail_client_impl.tests.test_authentication.TestGmailClientAuthentication" name="test_init_with_provided_service_skips_auth" time="0.001" /><testcase classname="src.gmail_client_impl.tests.test_authentication.TestGmailClientAuthentication" name="test_init_with_env_vars_success" time="0.002" /><testcase classname="src.gmail_client_impl.tests.test_authentication.TestGmailClientAuthentication" name="test_init_with_custom_token_uri" time="0.001" /><testcase classname="src.gmail_client_impl.tests.test_authentication.TestGmailClientAuthentication" name="test_init_env_vars_refresh_failure" time="0.002" /><testcase classname="src.gmail_client_impl.tests.test_authentication.TestGmailClientAuthentication" name="test_init_with_token_file_success" time="0.001" /><testcase classname="src.gmail_client_impl.tests.test_authentication.TestGmailClientAuthentication" name="test_init_token_file_needs_refresh" time="0.002" /><testcase classname="src.gmail_client_impl.tests.test_authentication.TestGmailClientAuthentication" name="test_init_interactive_mode_forces_flow" time="0.001" /><testcase classname="src.gmail_client_impl.tests.test_authentication.TestGmailClientAuthentication" name="test_init_no_valid_credentials_raises_error" time="0.001" /><testcase classname="src.gmail_client_impl.tests.test_authentication.TestGmailClientAuthentication" name="test_build_service_failure" time="0.001" /><testcase classname="src.gmail_client_impl.tests.test_authentication.TestGmailClientHelperMethods" name="test_run_interactive_flow_success" time="0.002" /><testcase classname="src.gmail_client_impl.tests.test_authentication.TestGmailClientHelperMethods" name="test_run_interactive_flow_missing_credentials" time="0.001" /><testcase classname="src.gmail_client_impl.tests.test_authentication.TestGmailClientHelperMethods" name="test_run_interactive_flow_exception" time="0.001" /><testcase classname="src.gmail_client_impl.tests.test_authentication.TestGmailClientHelperMethods" name="test_save_token_success" time="0.002" /><testcase classname="src.gmail_client_impl.tests.test_authentication.TestGmailClientHelperMethods" name="test_save_token_exception" time="0.001" /><testcase classname="src.gmail_client_impl.tests.test_authentication.TestGmailClientConstants" name="test_scopes_constant" time="0.000" /><testcase classname="src.gmail_client_impl.tests.test_authentication.TestGmailClientConstants" name="test_failure_message_constant" time="0.000" /><testcase classname="src.gmail_client_impl.tests.test_core_methods.TestGmailClientCoreMethods" name="test_get_message_success" time="0.001" /><testcase classname="src.gmail_client_impl.tests.test_core_methods.TestGmailClientCoreMethods" name="test_get_message_no_raw_content" time="0.001" /><testcase classname="src.gmail_client_impl.tests.test_core_methods.TestGmailClientCoreMethods" name="test_get_message_api_exception" time="0.001" /><testcase classname="src.gmail_client_impl.tests.test_core_methods.TestGmailClientCoreMethods" name="test_delete_message_success" time="0.001" /><testcase classname="src.gmail_client_impl.tests.test_core_methods.TestGmailClientCoreMethods" name="test_delete_message_api_exception" time="0.002" /><testcase classname="src.gmail_client_impl.tests.test_core_methods.TestGmailClientCoreMethods" name="test_mark_as_read_success" time="0.001" /><testcase classname="src.gmail_client_impl.tests.test_core_methods.TestGmailClientCoreMethods" name="test_mark_as_read_api_exception" time="0.001" /><testcase classname="src.gmail_client_impl.tests.test_core_methods.TestGmailClientCoreMethods" name="test_get_messages_success" time="0.001" /><testcase classname="src.gmail_client_impl.tests.test_core_methods.TestGmailClientCoreMethods" name="test_get_messages_empty_inbox" time="0.001" /><testcase classname="src.gmail_client_impl.tests.test_core_methods.TestGmailClientCoreMethods" name="test_get_messages_no_messages_key" time="0.001" /><testcase classname="src.gmail_client_impl.tests.test_core_methods.TestGmailClientCoreMethods" name="test_get_messages_message_without_id" time="0.001" /><testcase classname="src.gmail_client_impl.tests.test_core_methods.TestGmailClientCoreMethods" name="test_get_messages_message_without_raw_content" time="0.001" /><testcase classname="src.gmail_client_impl.tests.test_core_methods.TestGmailClientCoreMethods" name="test_get_messages_default_max_results" time="0.001" /><testcase classname="src.gmail_client_impl.tests.test_gmail_impl_unit" name="test_init_with_service" time="0.002" /><testcase classname="src.gmail_client_impl.tests.test_gmail_impl_unit" name="test_interactive_auth" time="0.001" /><testcase classname="src.gmail_client_impl.tests.test_gmail_impl_unit" name="test_get_message_returns_message" time="0.003" /><testcase classname="src.gmail_client_impl.tests.test_gmail_impl_unit" name="test_delete_message_success" time="0.002" /><testcase classname="src.gmail_client_impl.tests.test_gmail_impl_unit" name="test_delete_message_failure" time="0.003" /><testcase classname="src.gmail_client_impl.tests.test_gmail_impl_unit" name="test_mark_as_read_success" time="0.002" /><testcase classname="src.gmail_client_impl.tests.test_gmail_impl_unit" name="test_mark_as_read_failure" time="0.003" /><testcase classname="src.gmail_client_impl.tests.test_gmail_impl_unit" name="test_get_messages_yields_messages" time="0.002" /><testcase classname="src.gmail_client_impl.tests.test_gmail_message_edge_cases.TestEdgeCases" name="test_extremely_large_message_id" time="0.000" /><testcase classname="src.gmail_client_impl.tests.test_gmail_message_edge_cases.TestEdgeCases" name="test_unicode_in_message_content" time="0.000" /><testcase classname="src.gmail_client_impl.tests.test_gmail_message_edge_cases.TestEdgeCases" name="test_very_long_subject_line" time="0.000" /><testcase classname="src.gmail_client_impl.tests.test_gmail_message_edge_cases.TestEdgeCases" name="test_very_long_message_body" time="0.000" /><testcase classname="src.gmail_client_impl.tests.test_gmail_message_edge_cases.TestEdgeCases" name="test_malformed_headers" time="0.000" /><testcase classname="src.gmail_client_impl.tests.test_gmail_message_edge_cases.TestEdgeCases" name="test_binary_data_in_raw_input" time="0.000" /><testcase classname="src.gmail_client_impl.tests.test_gmail_message_edge_cases.TestEdgeCases" name="test_empty_raw_data" time="0.000" /><testcase classname="src.gmail_client_impl.tests.test_gmail_message_edge_cases.TestEdgeCases" name="test_whitespace_only_raw_data" time="0.000" /><testcase classname="src.gmail_client_impl.tests.test_gmail_message_edge_cases.TestEdgeCases" name="test_non_ascii_message_id" time="0.000" /><testcase classname="src.gmail_client_impl.tests.test_gmail_message_edge_cases.TestEdgeCases" name="test_deeply_nested_multipart_message" time="0.001" /><testcase classname="src.gmail_client_impl.tests.test_gmail_message_edge_cases.TestEdgeCases" name="test_message_with_null_bytes" time="0.000" /><testcase classname="src.gmail_client_impl.tests.test_gmail_message_edge_cases.TestEdgeCases" name="test_repeated_property_access" time="0.000" /><testcase classname="src.gmail_client_impl.tests.test_gmail_message_edge_cases.TestEdgeCases" name="test_message_with_only_headers_no_body" time="0.000" /><testcase classname="src.gmail_client_impl.tests.test_gmail_message_impl.TestGmailMessage" name="test_basic_message_creation" time="0.000" /><testcase classname="src.gmail_client_impl.tests.test_gmail_message_impl.TestGmailMessage" name="test_message_with_encoded_subject" time="0.001" /><testcase classname="src.gmail_client_impl.tests.test_gmail_message_impl.TestGmailMessage" name="test_multipart_message" time="0.002" /><testcase classname="src.gmail_client_impl.tests.test_gmail_message_impl.TestGmailMessage" name="test_date_parsing_fallback" time="0.000" /><testcase classname="src.gmail_client_impl.tests.test_gmail_message_impl.TestGmailMessage" name="test_subject_without_encoding" time="0.000" /><testcase classname="src.gmail_client_impl.tests.test_gmail_message_impl.TestGmailMessage" name="test_message_with_attachment" time="0.001" /><testcase classname="src.gmail_client_impl.tests.test_gmail_message_impl.TestGmailMessage" name="test_message_body_encoding" time="0.000" /><testcase classname="src.gmail_client_impl.tests.test_gmail_message_impl.TestGmailMessage" name="test_message_without_plain_text_body" time="0.001" /><testcase classname="src.gmail_client_impl.tests.test_message_impl_unit" name="test_valid_message_decoding" time="0.001" /><testcase classname="src.gmail_client_impl.tests.test_message_impl_unit" name="test_invalid_base64_triggers_error_message" time="0.000" /><testcase classname="src.gmail_client_impl.tests.test_message_impl_unit" name="test_is_binary_garbage_detection" time="0.000" /><testcase classname="src.gmail_client_impl.tests.test_message_impl_unit" name="test_get_message_impl_returns_gmail_message" time="0.001" /><testcase classname="src.gmail_client_impl.tests.test_message_impl_unit" name="test_register_overrides_message_getter" time="0.001" /><testcase classname="src.gmail_client_impl.tests.test_registration" name="test_register_binds_factories" time="0.000" /><testcase classname="src.mail_client_api.tests.test_client_unit" name="test_client_is_abstract" time="0.000" /><testcase classname="src.mail_client_api.tests.test_client_unit" name="test_get_client_not_implemented" time="0.000" /><testcase classname="src.mail_client_api.tests.test_client_unit" name="test_dummy_client_get_message" time="0.000" /><testcase classname="src.mail_client_api.tests.test_client_unit" name="test_dummy_client_delete_message" time="0.000" /><testcase classname="src.mail_client_api.tests.test_client_unit" name="test_dummy_client_mark_as_read" time="0.000" /><testcase classname="src.mail_client_api.tests.test_client_unit" name="test_dummy_client_get_messages_iterator" time="0.000" /><testcase classname="src.mail_client_api.tests.test_mail_client_api" name="test_client_get_messages" time="0.001" /><testcase classname="src.mail_client_api.tests.test_mail_client_api" name="test_client_get_message" time="0.001" /><testcase classname="src.mail_client_api.tests.test_mail_client_api" name="test_client_delete_message" time="0.000" /><testcase classname="src.mail_client_api.tests.test_mail_client_api" name="test_client_mark_as_read" time="0.000" /><testcase classname="src.mail_client_api.tests.test_message_abstraction" name="test_message_abstraction_comprehensive" time="0.000" /><testcase classname="src.mail_client_api.tests.test_message_unit" name="test_message_is_abstract" time="0.000" /><testcase classname="src.mail_client_api.tests.test_message_unit" name="test_get_message_not_implemented" time="0.000" /><testcase classname="src.mail_client_api.tests.test_message_unit" name="test_dummy_message_properties" time="0.000" /><testcase classname="src.mail_client_api.tests.test_message_unit" name="test_dummy_message_str_properties_are_strings" time="0.000" /><testcase classname="src.mail_client_api.tests.test_package_shim" name="test_exports_and_modules" time="0.000" /><testcase classname="src.mail_client_service.tests.test_get_client_dep" name="test_get_client_dep_success" time="0.001" /><testcase classname="src.mail_client_service.tests.test_get_client_dep" name="test_get_client_dep_failure" time="0.001" /><testcase classname="src.mail_client_service.tests.test_main_endpoints" name="test_list_and_detail_endpoints" time="0.007" /><testcase classname="src.mail_client_service.tests.test_main_endpoints" name="test_endpoints_error_paths" time="0.003" /><testcase classname="src.mail_client_service.tests.test_main_routes_unit" name="test_list_messages_success" time="0.000" /><testcase classname="src.mail_client_service.tests.test_main_routes_unit" name="test_list_messages_failure" time="0.000" /><testcase classname="src.mail_client_service.tests.test_main_routes_unit" name="test_get_message_success" time="0.000" /><testcase classname="src.mail_client_service.tests.test_main_routes_unit" name="test_get_message_not_found" time="0.000" /><testcase classname="src.mail_client_service.tests.test_main_routes_unit" name="test_mark_as_read_failure" time="0.000" /><testcase classname="src.mail_client_service.tests.test_main_routes_unit" name="test_delete_message_failure" time="0.000" /><testcase classname="src.mail_client_service.tests.test_models_serialization" name="test_message_summary_aliases" time="0.000" /><testcase classname="src.mail_client_service.tests.test_models_serialization" name="test_message_detail_roundtrip" time="0.000" /><testcase classname="src.mail_client_service.tests.test_models_serialization" name="test_message_list_response_and_success_response" time="0.000" /><testcase classname="src.mail_client_service.tests.test_models_serialization" name="test_error_response_optional_detail" time="0.000" /><testcase classname="src.mail_client_service.tests.test_service" name="test_get_messages" time="0.000"><skipped type="pytest.skip" message="This test file has import issues. Use test_main_endpoints.py instead.">/Users/rachit/Documents/NYU Courses/open source/oss-taapp/src/mail_client_service/tests/test_service.py:71: This test file has import issues. Use test_main_endpoints.py instead.</skipped></testcase><testcase classname="src.mail_client_service.tests.test_service" name="test_get_single_message" time="0.000"><skipped type="pytest.skip" message="This test file has import issues. Use test_main_endpoints.py instead.">/Users/rachit/Documents/NYU Courses/open source/oss-taapp/src/mail_client_service/tests/test_service.py:83: This test file has import issues. Use test_main_endpoints.py instead.</skipped></testcase><testcase classname="src.mail_client_service.tests.test_service" name="test_mark_as_read" time="0.000"><skipped type="pytest.skip" message="This test file has import issues. Use test_main_endpoints.py instead.">/Users/rachit/Documents/NYU Courses/open source/oss-taapp/src/mail_client_service/tests/test_service.py:92: This test file has import issues. Use test_main_endpoints.py instead.</skipped></testcase><testcase classname="src.mail_client_service.tests.test_service" name="test_delete_message" time="0.000"><skipped type="pytest.skip" message="This test file has import issues. Use test_main_endpoints.py instead.">/Users/rachit/Documents/NYU Courses/open source/oss-taapp/src/mail_client_service/tests/test_service.py:102: This test file has import issues. Use test_main_endpoints.py instead.</skipped></testcase><testcase classname="src.openai_adapter.tests.test_adapter" name="test_create_conversation_success" time="0.014" /><testcase classname="src.openai_adapter.tests.test_adapter" name="test_compose_response_api_error_unauthorized" time="0.013" /><testcase classname="src.openai_adapter.tests.test_adapter" name="test_get_conversation_success" time="0.014" /><testcase classname="src.openai_adapter.tests.test_adapter" name="test_delete_conversation_success" time="0.013" /><testcase classname="src.openai_adapter.tests.test_adapter" name="test_delete_conversation_default_true_when_no_body" time="0.013" /><testcase classname="src.openai_adapter.tests.test_adapter" name="test_create_conversation_api_error" time="0.014" /><testcase classname="src.openai_adapter.tests.test_adapter" name="test_get_conversation_api_error" time="0.013" /><testcase classname="src.openai_adapter.tests.test_adapter" name="test_delete_conversation_api_error" time="0.014" /><testcase classname="src.openai_adapter.tests.test_adapter" name="test_health_check_true_on_ok_status" time="0.013" /><testcase classname="src.openai_adapter.tests.test_adapter" name="test_health_check_http_error_returns_false" time="0.014" /><testcase classname="src.openai_adapter.tests.test_adapter" name="test_health_check_non_2xx_returns_false" time="0.013" /><testcase classname="src.openai_adapter.tests.test_adapter" name="test_health_check_invalid_json_fallback" time="0.013" /><testcase classname="src.openai_adapter.tests.test_adapter" name="test_constructor_allows_testserver_without_fastapi" time="0.000" /><testcase classname="src.openai_adapter.tests.test_adapter" name="test_init_raises_on_empty_base_url" time="0.000" /><testcase classname="src.openai_adapter.tests.test_adapter" name="test_init_allows_empty_session_id" time="0.013" /><testcase classname="src.openai_adapter.tests.test_adapter" name="test_constructor_uses_asgi_transport_when_testserver" time="0.000" /><testcase classname="src.openai_adapter.tests.test_adapter" name="test_compose_response_network_error_raises" time="0.013" /><testcase classname="src.openai_adapter.tests.test_adapter" name="test_compose_response_success" time="0.013" /><testcase classname="src.openai_adapter.tests.test_adapter" name="test_create_conversation_network_error_raises" time="0.013" /><testcase classname="src.openai_adapter.tests.test_adapter" name="test_get_conversation_network_error_raises" time="0.013" /><testcase classname="src.openai_adapter.tests.test_adapter" name="test_delete_conversation_network_error_raises" time="0.013" /><testcase classname="src.openai_adapter.tests.test_adapter" name="test_generate_response_success" time="0.013" /><testcase classname="src.openai_adapter.tests.test_adapter" name="test_generate_response_with_schema" time="0.014" /><testcase classname="src.openai_adapter.tests.test_adapter" name="test_generate_response_api_error" time="0.013" /><testcase classname="src.openai_adapter.tests.test_adapter" name="test_generate_response_network_error" time="0.014" /><testcase classname="src.openai_client_impl.tests.test_ai_client_impl" name="test_compose_response_creates_conversation_and_saves" time="0.001" /><testcase classname="src.openai_client_impl.tests.test_ai_client_impl" name="test_compose_response_appends_existing_conversation" time="0.000" /><testcase classname="src.openai_client_impl.tests.test_ai_client_impl" name="test_compose_response_requires_messages" time="0.000" /><testcase classname="src.openai_client_impl.tests.test_ai_client_impl" name="test_compose_response_propagates_api_errors" time="0.000" /><testcase classname="src.openai_client_impl.tests.test_ai_client_impl" name="test_create_conversation_handles_storage_failure" time="0.000" /><testcase classname="src.openai_client_impl.tests.test_ai_client_impl" name="test_get_conversation_success" time="0.000" /><testcase classname="src.openai_client_impl.tests.test_ai_client_impl" name="test_get_conversation_missing" time="0.000" /><testcase classname="src.openai_client_impl.tests.test_ai_client_impl" name="test_get_conversation_invalid_payload" time="0.000" /><testcase classname="src.openai_client_impl.tests.test_ai_client_impl" name="test_delete_conversation_success" time="0.000" /><testcase classname="src.openai_client_impl.tests.test_ai_client_impl" name="test_delete_conversation_missing" time="0.000" /><testcase classname="src.openai_client_impl.tests.test_ai_client_impl" name="test_missing_openai_key_raises" time="0.000" /><testcase classname="src.openai_client_impl.tests.test_response" name="test_response_properties" time="0.000" /><testcase classname="src.openai_client_impl.tests.test_response" name="test_get_response_factory" time="0.000" /><testcase classname="src.openai_client_impl.tests.test_response" name="test_conversation_properties" time="0.000" /><testcase classname="src.openai_client_impl.tests.test_response" name="test_get_conversation_factory" time="0.000" /><testcase classname="src.openai_client_impl.tests.test_storage" name="test_init_db_creates_directory" time="0.007" /><testcase classname="src.openai_client_impl.tests.test_storage" name="test_set_and_get_openai_key" time="0.012" /><testcase classname="src.openai_client_impl.tests.test_storage" name="test_get_openai_key_nonexistent_user" time="0.008" /><testcase classname="src.openai_client_impl.tests.test_storage" name="test_get_openai_key_no_key_set" time="0.009" /><testcase classname="src.openai_client_impl.tests.test_storage" name="test_set_openai_key_updates_existing" time="0.012" /><testcase classname="src.openai_client_impl.tests.test_storage" name="test_save_conversation_new" time="0.007" /><testcase classname="src.openai_client_impl.tests.test_storage" name="test_save_conversation_updates_existing" time="0.007" /><testcase classname="src.openai_client_impl.tests.test_storage" name="test_get_conversation_data_existing" time="0.007" /><testcase classname="src.openai_client_impl.tests.test_storage" name="test_get_conversation_data_nonexistent" time="0.006" /><testcase classname="src.openai_client_impl.tests.test_storage" name="test_delete_conversation_existing" time="0.008" /><testcase classname="src.openai_client_impl.tests.test_storage" name="test_delete_conversation_nonexistent" time="0.006" /><testcase classname="src.openai_client_impl.tests.test_storage" name="test_fernet_key_generation" time="0.002" /><testcase classname="src.openai_client_impl.tests.test_storage" name="test_fernet_key_from_existing_file" time="0.002" /><testcase classname="src.openai_client_service.tests.test_ai_routes" name="test_compose_response_success" time="0.004" /><testcase classname="src.openai_client_service.tests.test_ai_routes" name="test_compose_response_handles_missing_key" time="0.002" /><testcase classname="src.openai_client_service.tests.test_ai_routes" name="test_compose_response_handles_value_error" time="0.002" /><testcase classname="src.openai_client_service.tests.test_ai_routes" name="test_create_conversation_success" time="0.002" /><testcase classname="src.openai_client_service.tests.test_ai_routes" name="test_get_conversation_success" time="0.002" /><testcase classname="src.openai_client_service.tests.test_ai_routes" name="test_delete_conversation_success" time="0.002" /><testcase classname="src.openai_client_service.tests.test_ai_routes" name="test_generate_response_success" time="0.002" /><testcase classname="src.openai_client_service.tests.test_ai_routes" name="test_generate_response_with_schema" time="0.002" /><testcase classname="src.openai_client_service.tests.test_ai_routes" name="test_generate_response_missing_api_key" time="0.001" /><testcase classname="src.openai_client_service.tests.test_ai_routes" name="test_generate_response_handles_api_error" time="0.001" /><testcase classname="src.openai_client_service.tests.test_ai_routes" name="test_generate_response_empty_content" time="0.001" /><testcase classname="src.openai_client_service.tests.test_ai_routes" name="test_generate_response_invalid_json" time="0.002" /><testcase classname="src.openai_client_service.tests.test_ai_routes" name="test_generate_response_non_dict_response" time="0.001" /><testcase classname="src.openai_client_service.tests.test_ai_routes" name="test_generate_response_schema_preparation" time="0.002" /><testcase classname="src.openai_client_service.tests.test_dependencies" name="test_get_subject_success" time="0.001" /><testcase classname="src.openai_client_service.tests.test_dependencies" name="test_get_subject_missing_header" time="0.000" /><testcase classname="src.openai_client_service.tests.test_dependencies" name="test_session_lifecycle" time="0.000" /><testcase classname="src.openai_client_service.tests.test_dependencies" name="test_get_ai_client_uses_subject" time="0.001" /><testcase classname="src.openai_client_service.tests.test_oauth_routes" name="test_oauth_login_sets_cookie_and_redirect" time="0.002" /><testcase classname="src.openai_client_service.tests.test_oauth_routes" name="test_oauth_callback_creates_session" time="0.003" /><testcase classname="src.openai_client_service.tests.test_oauth_routes" name="test_set_openai_key_endpoint" time="0.002" /><testcase classname="src.openai_client_service.tests.test_oauth_routes" name="test_logout_clears_session" time="0.002" /><testcase classname="src.openai_client_service.tests.test_oauth_routes" name="test_whoami_returns_subject" time="0.002" /><testcase classname="src.ticket_api.src.ticket_api.ticket_impl.tests.test_impl_additional_coverage" name="test_create_ticket_priority_medium_no_update" time="0.063" /><testcase classname="src.ticket_api.src.ticket_api.ticket_impl.tests.test_impl_additional_coverage" name="test_list_tickets_negative_limit" time="0.003" /><testcase classname="src.ticket_api.src.ticket_api.ticket_impl.tests.test_impl_additional_coverage" name="test_list_tickets_negative_offset" time="0.002" /><testcase classname="src.ticket_api.src.ticket_api.ticket_impl.tests.test_impl_additional_coverage" name="test_list_tickets_exception_handling" time="0.016" /><testcase classname="src.ticket_api.src.ticket_api.ticket_impl.tests.test_impl_additional_coverage" name="test_transition_status_no_valid_transition" time="0.019" /><testcase classname="src.ticket_api.src.ticket_api.ticket_impl.tests.test_impl_additional_coverage" name="test_transition_status_exception_handling" time="0.018" /><testcase classname="src.ticket_api.src.ticket_api.ticket_impl.tests.test_impl_additional_coverage" name="test_reassign_ticket_exception_handling" time="0.018" /><testcase classname="src.ticket_api.src.ticket_api.ticket_impl.tests.test_impl_additional_coverage" name="test_update_priority_exception_handling" time="0.017" /><testcase classname="src.ticket_api.src.ticket_api.ticket_impl.tests.test_impl_additional_coverage" name="test_update_description_exception_handling" time="0.017" /><testcase classname="src.ticket_api.src.ticket_api.ticket_impl.tests.test_impl_additional_coverage" name="test_get_ticket_comments_exception_handling" time="0.017" /><testcase classname="src.ticket_api.src.ticket_api.ticket_impl.tests.test_impl_additional_coverage" name="test_add_comment_exception_handling" time="0.017" /><testcase classname="src.ticket_api.src.ticket_api.ticket_impl.tests.test_impl_additional_coverage" name="test_delete_ticket_exception_handling" time="0.017" /><testcase classname="src.ticket_api.src.ticket_api.ticket_impl.tests.test_impl_additional_coverage" name="test_update_ticket_exception_handling" time="0.018" /><testcase classname="src.ticket_api.src.ticket_api.ticket_impl.tests.test_impl_additional_coverage" name="test_list_tickets_logger_lines" time="0.018" /><testcase classname="src.ticket_api.src.ticket_api.ticket_impl.tests.test_impl_additional_coverage" name="test_create_ticket_fallback_logger" time="0.060" /><testcase classname="src.ticket_api.src.ticket_api.ticket_impl.tests.test_impl_additional_coverage" name="test_list_tickets_with_assignee_and_reporter_filters" time="0.017" /><testcase classname="src.ticket_api.src.ticket_api.ticket_impl.tests.test_impl_additional_coverage" name="test_list_tickets_with_status_filter" time="0.017" /><testcase classname="src.ticket_api.src.ticket_api.ticket_impl.tests.test_oauth.TestExtractCloudIdFromToken" name="test_extract_cloud_id_from_standard_field" time="0.000" /><testcase classname="src.ticket_api.src.ticket_api.ticket_impl.tests.test_oauth.TestExtractCloudIdFromToken" name="test_extract_cloud_id_from_atlassian_url_field" time="0.000" /><testcase classname="src.ticket_api.src.ticket_api.ticket_impl.tests.test_oauth.TestExtractCloudIdFromToken" name="test_extract_cloud_id_from_camel_case_field" time="0.000" /><testcase classname="src.ticket_api.src.ticket_api.ticket_impl.tests.test_oauth.TestExtractCloudIdFromToken" name="test_extract_cloud_id_from_sid_field" time="0.000" /><testcase classname="src.ticket_api.src.ticket_api.ticket_impl.tests.test_oauth.TestExtractCloudIdFromToken" name="test_extract_cloud_id_from_scope" time="0.000" /><testcase classname="src.ticket_api.src.ticket_api.ticket_impl.tests.test_oauth.TestExtractCloudIdFromToken" name="test_extract_cloud_id_invalid_jwt_format" time="0.000" /><testcase classname="src.ticket_api.src.ticket_api.ticket_impl.tests.test_oauth.TestExtractCloudIdFromToken" name="test_extract_cloud_id_invalid_base64" time="0.000" /><testcase classname="src.ticket_api.src.ticket_api.ticket_impl.tests.test_oauth.TestExtractCloudIdFromToken" name="test_extract_cloud_id_invalid_json" time="0.000" /><testcase classname="src.ticket_api.src.ticket_api.ticket_impl.tests.test_oauth.TestExtractCloudIdFromToken" name="test_extract_cloud_id_no_fields_found" time="0.000" /><testcase classname="src.ticket_api.src.ticket_api.ticket_impl.tests.test_oauth.TestExtractCloudIdFromToken" name="test_extract_cloud_id_priority_order" time="0.000" /><testcase classname="src.ticket_api.src.ticket_api.ticket_impl.tests.test_oauth.TestBuildAuthorizeUrl" name="test_build_authorize_url_contains_required_params" time="0.000" /><testcase classname="src.ticket_api.src.ticket_api.ticket_impl.tests.test_oauth.TestBuildAuthorizeUrl" name="test_build_authorize_url_state_parameter" time="0.000" /><testcase classname="src.ticket_api.src.ticket_api.ticket_impl.tests.test_oauth.TestGetValidAccessToken" name="test_test_user_bypass" time="0.001" /><testcase classname="src.ticket_api.src.ticket_api.ticket_impl.tests.test_oauth.TestGetValidAccessToken" name="test_no_tokens_error" time="0.001" /><testcase classname="src.ticket_api.src.ticket_api.ticket_impl.tests.test_oauth.TestGetValidAccessToken" name="test_valid_token_returned" time="0.001" /><testcase classname="src.ticket_api.src.ticket_api.ticket_impl.tests.test_oauth.TestGetValidAccessToken" name="test_expired_token_refreshed" time="0.001" /><testcase classname="src.ticket_api.src.ticket_api.ticket_impl.tests.test_oauth.TestFetchProjectKeyFromApi" name="test_fetch_project_key_from_list_response" time="0.015" /><testcase classname="src.ticket_api.src.ticket_api.ticket_impl.tests.test_oauth.TestFetchProjectKeyFromApi" name="test_fetch_project_key_from_dict_with_values" time="0.015" /><testcase classname="src.ticket_api.src.ticket_api.ticket_impl.tests.test_oauth.TestFetchProjectKeyFromApi" name="test_fetch_project_key_no_projects" time="0.016" /><testcase classname="src.ticket_api.src.ticket_api.ticket_impl.tests.test_oauth.TestFetchProjectKeyFromApi" name="test_fetch_project_key_non_200_status" time="0.016" /><testcase classname="src.ticket_api.src.ticket_api.ticket_impl.tests.test_oauth.TestFetchCloudIdFromApi" name="test_fetch_cloud_id_from_list_response" time="0.015" /><testcase classname="src.ticket_api.src.ticket_api.ticket_impl.tests.test_oauth.TestFetchCloudIdFromApi" name="test_fetch_cloud_id_from_dict_response" time="0.015" /><testcase classname="src.ticket_api.src.ticket_api.ticket_impl.tests.test_oauth.TestFetchCloudIdFromApi" name="test_fetch_cloud_id_empty_list" time="0.015" /><testcase classname="src.ticket_api.src.ticket_api.ticket_impl.tests.test_oauth.TestFetchCloudIdFromApi" name="test_fetch_cloud_id_list_no_id_field" time="0.015" /><testcase classname="src.ticket_api.src.ticket_api.ticket_impl.tests.test_oauth.TestFetchCloudIdFromApi" name="test_fetch_cloud_id_non_200_status" time="0.015" /><testcase classname="src.ticket_api.src.ticket_api.ticket_impl.tests.test_oauth.TestExchangeCodeForTokens" name="test_exchange_code_for_tokens_success" time="0.016" /><testcase classname="src.ticket_api.src.ticket_api.ticket_impl.tests.test_oauth.TestExchangeCodeForTokens" name="test_exchange_code_default_expiry" time="0.016" /><testcase classname="src.ticket_api.src.ticket_api.ticket_impl.tests.test_oauth.TestRefreshAccessToken" name="test_refresh_access_token_success" time="0.017" /><testcase classname="src.ticket_api.src.ticket_api.ticket_impl.tests.test_oauth.TestRefreshAccessToken" name="test_refresh_access_token_no_tokens_error" time="0.001" /><testcase classname="src.ticket_api.src.ticket_api.ticket_impl.tests.test_oauth.TestFetchProjectKeyApiErrors" name="test_fetch_project_key_request_error" time="0.015" /><testcase classname="src.ticket_api.src.ticket_api.ticket_impl.tests.test_oauth.TestFetchCloudIdApiErrors" name="test_fetch_cloud_id_request_error" time="0.062" /><testcase classname="src.ticket_api.src.ticket_api.ticket_impl.tests.test_storage.TestUpsertTokens" name="test_upsert_tokens_new_user" time="0.002" /><testcase classname="src.ticket_api.src.ticket_api.ticket_impl.tests.test_storage.TestUpsertTokens" name="test_upsert_tokens_update_existing" time="0.002" /><testcase classname="src.ticket_api.src.ticket_api.ticket_impl.tests.test_storage.TestUpsertTokens" name="test_upsert_tokens_expiry_calculation" time="0.001" /><testcase classname="src.ticket_api.src.ticket_api.ticket_impl.tests.test_storage.TestGetTokens" name="test_get_tokens_existing_user" time="0.001" /><testcase classname="src.ticket_api.src.ticket_api.ticket_impl.tests.test_storage.TestGetTokens" name="test_get_tokens_nonexistent_user" time="0.000" /><testcase classname="src.ticket_api.src.ticket_api.ticket_impl.tests.test_storage.TestGetUserTokens" name="test_get_user_tokens_existing_user" time="0.001" /><testcase classname="src.ticket_api.src.ticket_api.ticket_impl.tests.test_storage.TestGetUserTokens" name="test_get_user_tokens_nonexistent_user" time="0.000" /><testcase classname="src.ticket_api.src.ticket_api.ticket_impl.tests.test_storage.TestClearUserTokens" name="test_clear_user_tokens_existing_user" time="0.003" /><testcase classname="src.ticket_api.src.ticket_api.ticket_impl.tests.test_storage.TestClearUserTokens" name="test_clear_user_tokens_nonexistent_user" time="0.000" /><testcase classname="src.ticket_api.src.ticket_api.ticket_impl.tests.test_storage.TestUpdateAccess" name="test_update_access_existing_user" time="0.002" /><testcase classname="src.ticket_api.src.ticket_api.ticket_impl.tests.test_storage.TestUpdateAccess" name="test_update_access_nonexistent_user" time="0.001" /><testcase classname="src.ticket_api.src.ticket_api.ticket_impl.tests.test_storage.TestIsExpired" name="test_is_expired_token_still_valid" time="0.000" /><testcase classname="src.ticket_api.src.ticket_api.ticket_impl.tests.test_storage.TestIsExpired" name="test_is_expired_token_expired" time="0.000" /><testcase classname="src.ticket_api.src.ticket_api.ticket_impl.tests.test_storage.TestIsExpired" name="test_is_expired_token_at_boundary" time="0.000" /><testcase classname="src.ticket_api.src.ticket_api.ticket_impl.tests.test_storage.TestIsExpired" name="test_is_expired_naive_datetime" time="0.000" /><testcase classname="src.ticket_api.src.ticket_api.ticket_impl.tests.test_storage.TestMapUuidToKey" name="test_map_uuid_to_key_new_mapping" time="0.001" /><testcase classname="src.ticket_api.src.ticket_api.ticket_impl.tests.test_storage.TestMapUuidToKey" name="test_map_uuid_to_key_update_existing" time="0.002" /><testcase classname="src.ticket_api.src.ticket_api.ticket_impl.tests.test_storage.TestMapUuidToKey" name="test_map_uuid_to_key_user_scoped" time="0.002" /><testcase classname="src.ticket_api.src.ticket_api.ticket_impl.tests.test_storage.TestGetKeyForUuid" name="test_get_key_for_uuid_existing" time="0.001" /><testcase classname="src.ticket_api.src.ticket_api.ticket_impl.tests.test_storage.TestGetKeyForUuid" name="test_get_key_for_uuid_nonexistent" time="0.000" /><testcase classname="src.ticket_api.src.ticket_api.ticket_impl.tests.test_storage.TestEnsureMappingForKeys" name="test_ensure_mapping_for_keys_new_mappings" time="0.002" /><testcase classname="src.ticket_api.src.ticket_api.ticket_impl.tests.test_storage.TestEnsureMappingForKeys" name="test_ensure_mapping_for_keys_mixed_new_and_existing" time="0.002" /><testcase classname="src.ticket_api.src.ticket_api.ticket_impl.tests.test_storage.TestEnsureMappingForKeys" name="test_ensure_mapping_for_keys_empty_list" time="0.000" /><testcase classname="src.ticket_api.src.ticket_api.ticket_impl.tests.test_ticket_impl" name="test_create_get_list_transition_comment_delete" time="0.206" /><testcase classname="src.ticket_api.src.ticket_api.ticket_impl.tests.test_ticket_impl" name="test_create_ticket_with_service_error" time="0.214" /><testcase classname="src.ticket_api.src.ticket_api.ticket_impl.tests.test_ticket_impl" name="test_get_ticket_not_found" time="0.029" /><testcase classname="src.ticket_api.src.ticket_api.ticket_impl.tests.test_ticket_impl" name="test_list_tickets_with_invalid_params" time="0.003" /><testcase classname="src.ticket_api.src.ticket_api.ticket_impl.tests.test_ticket_impl" name="test_list_tickets_service_error" time="0.019" /><testcase classname="src.ticket_api.src.ticket_api.ticket_impl.tests.test_ticket_impl" name="test_update_ticket_no_valid_transition" time="0.020" /><testcase classname="src.ticket_api.src.ticket_api.ticket_impl.tests.test_ticket_impl" name="test_reassign_ticket_success" time="0.068" /><testcase classname="src.ticket_api.src.ticket_api.ticket_impl.tests.test_ticket_impl" name="test_reassign_ticket_user_not_found" time="0.020" /><testcase classname="src.ticket_api.src.ticket_api.ticket_impl.tests.test_ticket_impl" name="test_update_priority_success" time="0.051" /><testcase classname="src.ticket_api.src.ticket_api.ticket_impl.tests.test_ticket_impl" name="test_update_description_success" time="0.051" /><testcase classname="src.ticket_api.src.ticket_api.ticket_impl.tests.test_ticket_impl" name="test_update_description_not_found" time="0.019" /><testcase classname="src.ticket_api.src.ticket_api.ticket_impl.tests.test_ticket_impl" name="test_delete_ticket_service_error" time="0.019" /><testcase classname="src.ticket_api.src.ticket_api.ticket_impl.tests.test_ticket_impl" name="test_add_comment_not_found" time="0.019" /><testcase classname="src.ticket_api.src.ticket_api.ticket_impl.tests.test_ticket_impl" name="test_get_ticket_comments_empty" time="0.018" /><testcase classname="src.ticket_api.src.ticket_api.ticket_impl.tests.test_ticket_impl" name="test_create_ticket_with_all_priorities" time="0.320" /><testcase classname="src.ticket_api.src.ticket_api.ticket_impl.tests.test_ticket_impl" name="test_transition_status_all_states" time="0.179" /><testcase classname="src.ticket_api.src.ticket_api.ticket_impl.tests.test_ticket_impl" name="test_status_name_to_domain_various_formats" time="0.003" /><testcase classname="src.ticket_api.src.ticket_api.ticket_impl.tests.test_ticket_impl" name="test_jira_to_ticket_missing_fields" time="0.002" /><testcase classname="src.ticket_api.src.ticket_api.ticket_impl.tests.test_ticket_impl" name="test_jira_to_ticket_dict_description" time="0.002" /><testcase classname="src.ticket_api.src.ticket_api.ticket_impl.tests.test_ticket_impl" name="test_create_ticket_reporter_lookup_fails" time="0.061" /><testcase classname="src.ticket_api.src.ticket_api.ticket_impl.tests.test_ticket_impl" name="test_jira_comment_to_domain_empty_body" time="0.002" /><testcase classname="src.ticket_api.src.ticket_api.ticket_impl.tests.test_ticket_impl" name="test_delete_ticket_not_found" time="0.018" /><testcase classname="src.ticket_api.src.ticket_api.ticket_impl.tests.test_ticket_impl" name="test_get_ticket_comments_service_error" time="0.018" /><testcase classname="src.ticket_api.src.ticket_api.ticket_impl.tests.test_ticket_impl" name="test_reassign_ticket_not_found_user" time="0.017" /><testcase classname="src.ticket_api.src.ticket_api.ticket_impl.tests.test_ticket_impl" name="test_update_priority_not_found" time="0.018" /><testcase classname="src.ticket_api.src.ticket_api.ticket_impl.tests.test_ticket_impl" name="test_delete_ticket_service_error_exception" time="0.018" /><testcase classname="src.ticket_api.src.ticket_api.ticket_impl.tests.test_ticket_impl" name="test_add_comment_not_found_exception" time="0.017" /><testcase classname="src.ticket_api.src.ticket_api.ticket_impl.tests.test_ticket_impl" name="test_transition_status_delegates_to_update" time="0.047" /><testcase classname="src.ticket_api.src.ticket_api.ticket_impl.tests.test_ticket_impl_coverage" name="test_create_ticket_fallback_to_current_user" time="0.060" /><testcase classname="src.ticket_api.src.ticket_api.ticket_impl.tests.test_ticket_impl_coverage" name="test_get_ticket_with_exception" time="0.018" /><testcase classname="src.ticket_api.src.ticket_api.ticket_impl.tests.test_ticket_impl_coverage" name="test_list_tickets_with_filters" time="0.046" /><testcase classname="src.ticket_api.src.ticket_api.ticket_impl.tests.test_ticket_impl_coverage" name="test_update_ticket_without_status" time="0.018" /><testcase classname="src.ticket_api.src.ticket_api.ticket_impl.tests.test_ticket_impl_coverage" name="test_delete_ticket_success" time="0.018" /><testcase classname="src.ticket_api.src.ticket_api.ticket_impl.tests.test_ticket_impl_coverage" name="test_add_comment_success" time="0.018" /><testcase classname="src.ticket_api.src.ticket_api.ticket_impl.tests.test_ticket_impl_coverage" name="test_get_ticket_comments_success" time="0.018" /><testcase classname="src.ticket_api.src.ticket_api.ticket_impl.tests.test_ticket_impl_coverage" name="test_jira_client_get_issue" time="0.017" /><testcase classname="src.ticket_api.src.ticket_api.ticket_impl.tests.test_ticket_impl_coverage" name="test_jira_client_delete_issue" time="0.031" /><testcase classname="src.ticket_api.src.ticket_api.ticket_impl.tests.test_ticket_impl_coverage" name="test_jira_client_search_issues" time="0.017" /><testcase classname="src.ticket_api.src.ticket_api.ticket_impl.tests.test_ticket_impl_coverage" name="test_jira_client_create_issue" time="0.017" /><testcase classname="src.ticket_api.src.ticket_api.ticket_impl.tests.test_ticket_impl_coverage" name="test_jira_client_update_issue_fields" time="0.031" /><testcase classname="src.ticket_api.src.ticket_api.ticket_impl.tests.test_ticket_impl_coverage" name="test_jira_client_list_transitions" time="0.017" /><testcase classname="src.ticket_api.src.ticket_api.ticket_impl.tests.test_ticket_impl_coverage" name="test_jira_client_do_transition" time="0.017" /><testcase classname="src.ticket_api.src.ticket_api.ticket_impl.tests.test_ticket_impl_coverage" name="test_jira_client_add_comment" time="0.017" /><testcase classname="src.ticket_api.src.ticket_api.ticket_impl.tests.test_ticket_impl_coverage" name="test_jira_client_get_comments" time="0.017" /><testcase classname="src.ticket_api.src.ticket_api.ticket_impl.tests.test_ticket_impl_coverage" name="test_jira_client_get_current_user_account_id" time="0.031" /><testcase classname="src.ticket_api.src.ticket_api.ticket_impl.tests.test_ticket_impl_coverage" name="test_jira_client_find_user_account_id" time="0.045" /><testcase classname="src.ticket_api.src.ticket_api.ticket_impl.tests.test_ticket_impl_coverage" name="test_priority_to_jira_all_levels" time="0.002" /><testcase classname="src.ticket_api.src.ticket_api.ticket_impl.tests.test_ticket_impl_coverage" name="test_status_name_to_domain_all_variants" time="0.002" /><testcase classname="src.ticket_api.src.ticket_api.ticket_impl.tests.test_ticket_impl_coverage" name="test_jira_to_ticket_all_fields" time="0.002" /><testcase classname="src.ticket_api.src.ticket_api.ticket_impl.tests.test_ticket_impl_coverage" name="test_adf_paragraph_helper" time="0.002" /><testcase classname="src.ticket_api.src.ticket_api.ticket_impl.tests.test_ticket_impl_coverage" name="test_update_ticket_all_status_transitions" time="0.211" /><testcase classname="src.ticket_api.src.ticket_api.ticket_impl.tests.test_ticket_impl_coverage" name="test_reassign_ticket_success_with_mapping" time="0.061" /><testcase classname="src.ticket_api.src.ticket_api.ticket_impl.tests.test_ticket_impl_coverage" name="test_update_priority_success" time="0.046" /><testcase classname="src.ticket_api.src.ticket_api.ticket_impl.tests.test_ticket_impl_coverage" name="test_update_description_success" time="0.047" /><testcase classname="src.ticket_api.src.ticket_api.ticket_impl.tests.test_ticket_impl_coverage" name="test_jira_to_ticket_edge_cases" time="0.004" /><testcase classname="src.ticket_api.src.ticket_api.ticket_impl.tests.test_ticket_impl_coverage" name="test_jira_comment_to_domain_comprehensive" time="0.002" /><testcase classname="src.ticket_api.src.ticket_api.ticket_impl.tests.test_ticket_impl_coverage" name="test_list_tickets_comprehensive" time="0.047" /><testcase classname="src.ticket_api.src.ticket_api.ticket_impl.tests.test_ticket_impl_coverage" name="test_update_ticket_transition_all_paths" time="0.135" /><testcase classname="src.ticket_api.src.ticket_api.ticket_impl.tests.test_ticket_impl_coverage" name="test_reassign_ticket_exception_handling" time="0.033" /><testcase classname="src.ticket_api.src.ticket_api.ticket_impl.tests.test_ticket_impl_coverage" name="test_update_priority_exception_handling" time="0.018" /><testcase classname="src.ticket_api.src.ticket_api.ticket_impl.tests.test_ticket_impl_coverage" name="test_jira_client_headers_and_adf" time="0.017" /><testcase classname="src.ticket_api.src.ticket_api.ticket_impl.tests.test_ticket_impl_coverage" name="test_jira_client_update_issue_fields_with_content" time="0.017" /><testcase classname="src.ticket_api.src.ticket_api.ticket_impl.tests.test_ticket_impl_coverage" name="test_jira_client_search_issues_error_handling" time="0.017" /><testcase classname="src.ticket_api.src.ticket_api.ticket_impl.tests.test_ticket_impl_coverage" name="test_priority_to_jira_direct" time="0.000" /><testcase classname="src.ticket_api.src.ticket_api.ticket_impl.tests.test_ticket_impl_coverage" name="test_status_name_to_domain_direct" time="0.000" /><testcase classname="src.ticket_api.src.ticket_api.ticket_impl.tests.test_ticket_impl_coverage" name="test_jira_to_ticket_direct" time="0.005" /><testcase classname="src.ticket_api.src.ticket_api.ticket_impl.tests.test_ticket_impl_coverage" name="test_jira_comment_to_domain_direct" time="0.000" /><testcase classname="src.ticket_api.src.ticket_api.ticket_impl.tests.test_ticket_impl_coverage" name="test_adf_paragraph_direct" time="0.000" /><testcase classname="src.ticket_api.src.ticket_api.ticket_impl.tests.test_ticket_impl_coverage" name="test_create_ticket_fallback_to_current_user_comprehensive" time="0.061" /><testcase classname="src.ticket_api.src.ticket_api.ticket_impl.tests.test_ticket_impl_coverage" name="test_create_ticket_fallback_empty_search_result" time="0.060" /><testcase classname="src.ticket_api.src.ticket_api.ticket_impl.tests.test_ticket_impl_coverage" name="test_jira_client_get_issue_comprehensive" time="0.017" /><testcase classname="src.ticket_api.src.ticket_api.ticket_impl.tests.test_ticket_impl_coverage" name="test_jira_client_delete_issue_all_paths" time="0.031" /><testcase classname="src.ticket_api.src.ticket_api.ticket_impl.tests.test_ticket_impl_coverage" name="test_jira_client_search_issues_all_paths" time="0.031" /><testcase classname="src.ticket_api.src.ticket_api.ticket_impl.tests.test_ticket_impl_coverage" name="test_jira_client_create_issue_all_paths" time="0.032" /><testcase classname="src.ticket_api.src.ticket_api.ticket_impl.tests.test_ticket_impl_coverage" name="test_jira_client_update_issue_fields_all_paths" time="0.059" /><testcase classname="src.ticket_api.src.ticket_api.ticket_impl.tests.test_ticket_impl_coverage" name="test_jira_client_list_transitions_comprehensive" time="0.046" /><testcase classname="src.ticket_api.src.ticket_api.ticket_impl.tests.test_ticket_impl_coverage" name="test_list_tickets_with_all_filters_combined" time="0.018" /><testcase classname="src.ticket_api.src.ticket_api.ticket_impl.tests.test_ticket_impl_coverage" name="test_get_ticket_with_str_ticket_id" time="0.018" /><testcase classname="src.ticket_api.src.ticket_api.ticket_service.tests.test_endpoints.TestHealthEndpoint" name="test_health_check_success" time="0.001" /><testcase classname="src.ticket_api.src.ticket_api.ticket_service.tests.test_endpoints.TestCreateTicket" name="test_create_ticket_success" time="0.003" /><testcase classname="src.ticket_api.src.ticket_api.ticket_service.tests.test_endpoints.TestCreateTicket" name="test_create_ticket_invalid_data" time="0.001" /><testcase classname="src.ticket_api.src.ticket_api.ticket_service.tests.test_endpoints.TestCreateTicket" name="test_create_ticket_missing_auth" time="0.001" /><testcase classname="src.ticket_api.src.ticket_api.ticket_service.tests.test_endpoints.TestCreateTicket" name="test_create_ticket_service_error" time="0.002" /><testcase classname="src.ticket_api.src.ticket_api.ticket_service.tests.test_endpoints.TestGetTicket" name="test_get_ticket_success" time="0.003" /><testcase classname="src.ticket_api.src.ticket_api.ticket_service.tests.test_endpoints.TestGetTicket" name="test_get_ticket_not_found" time="0.002" /><testcase classname="src.ticket_api.src.ticket_api.ticket_service.tests.test_endpoints.TestGetTicket" name="test_get_ticket_missing_auth" time="0.001" /><testcase classname="src.ticket_api.src.ticket_api.ticket_service.tests.test_endpoints.TestListTickets" name="test_list_tickets_success" time="0.002" /><testcase classname="src.ticket_api.src.ticket_api.ticket_service.tests.test_endpoints.TestListTickets" name="test_list_tickets_empty" time="0.002" /><testcase classname="src.ticket_api.src.ticket_api.ticket_service.tests.test_endpoints.TestListTickets" name="test_list_tickets_with_filters" time="0.002" /><testcase classname="src.ticket_api.src.ticket_api.ticket_service.tests.test_endpoints.TestListTickets" name="test_list_tickets_with_pagination" time="0.002" /><testcase classname="src.ticket_api.src.ticket_api.ticket_service.tests.test_endpoints.TestListTickets" name="test_list_tickets_missing_auth" time="0.001" /><testcase classname="src.ticket_api.src.ticket_api.ticket_service.tests.test_endpoints.TestUpdateTicket" name="test_update_ticket_success" time="0.002" /><testcase classname="src.ticket_api.src.ticket_api.ticket_service.tests.test_endpoints.TestUpdateTicket" name="test_update_ticket_not_found" time="0.002" /><testcase classname="src.ticket_api.src.ticket_api.ticket_service.tests.test_endpoints.TestUpdateTicket" name="test_update_ticket_missing_auth" time="0.001" /><testcase classname="src.ticket_api.src.ticket_api.ticket_service.tests.test_endpoints.TestDeleteTicket" name="test_delete_ticket_success" time="0.002" /><testcase classname="src.ticket_api.src.ticket_api.ticket_service.tests.test_endpoints.TestDeleteTicket" name="test_delete_ticket_not_found" time="0.002" /><testcase classname="src.ticket_api.src.ticket_api.ticket_service.tests.test_endpoints.TestDeleteTicket" name="test_delete_ticket_missing_auth" time="0.001" /><testcase classname="src.ticket_api.src.ticket_api.ticket_service.tests.test_endpoints.TestAuthEndpoints" name="test_oauth_login" time="0.001" /><testcase classname="src.ticket_api.src.ticket_api.ticket_service.tests.test_endpoints.TestAuthEndpoints" name="test_oauth_callback_invalid_state" time="0.001" /><testcase classname="src.ticket_api.src.ticket_api.ticket_service.tests.test_endpoints.TestAuthEndpoints" name="test_oauth_callback_exchange_error" time="0.001" /><testcase classname="src.ticket_api.src.ticket_api.ticket_service.tests.test_endpoints.TestAuthEndpoints" name="test_auth_status_not_authenticated" time="0.001" /><testcase classname="src.ticket_api.src.ticket_api.ticket_service.tests.test_endpoints.TestAuthEndpoints" name="test_logout_not_authenticated" time="0.001" /><testcase classname="src.ticket_api.src.ticket_api.ticket_service.tests.test_endpoints.TestCommentEndpoints" name="test_add_comment_success" time="0.002" /><testcase classname="src.ticket_api.src.ticket_api.ticket_service.tests.test_endpoints.TestCommentEndpoints" name="test_add_comment_ticket_not_found" time="0.002" /><testcase classname="src.ticket_api.src.ticket_api.ticket_service.tests.test_endpoints.TestCommentEndpoints" name="test_add_comment_missing_auth" time="0.001" /><testcase classname="src.ticket_api.src.ticket_api.ticket_service.tests.test_endpoints.TestCommentEndpoints" name="test_get_comments_success" time="0.002" /><testcase classname="src.ticket_api.src.ticket_api.ticket_service.tests.test_endpoints.TestCommentEndpoints" name="test_get_comments_empty" time="0.002" /><testcase classname="src.ticket_api.src.ticket_api.ticket_service.tests.test_endpoints.TestCommentEndpoints" name="test_get_comments_missing_auth" time="0.002" /><testcase classname="src.ticket_api.src.ticket_api.ticket_service.tests.test_ticket_service.TestAddComment" name="test_add_comment_success" time="0.002" /><testcase classname="src.ticket_api.src.ticket_api.ticket_service.tests.test_ticket_service.TestAddComment" name="test_add_comment_ticket_not_found" time="0.003" /><testcase classname="src.ticket_api.src.ticket_api.ticket_service.tests.test_ticket_service.TestAddComment" name="test_add_comment_invalid_data" time="0.002" /><testcase classname="src.ticket_api.src.ticket_api.ticket_service.tests.test_ticket_service.TestAddComment" name="test_add_comment_missing_auth" time="0.001" /><testcase classname="src.ticket_api.src.ticket_api.ticket_service.tests.test_ticket_service.TestAddComment" name="test_add_comment_service_error" time="0.002" /><testcase classname="src.ticket_api.src.ticket_api.ticket_service.tests.test_ticket_service.TestGetTicketComments" name="test_get_comments_success" time="0.002" /><testcase classname="src.ticket_api.src.ticket_api.ticket_service.tests.test_ticket_service.TestGetTicketComments" name="test_get_comments_empty_list" time="0.002" /><testcase classname="src.ticket_api.src.ticket_api.ticket_service.tests.test_ticket_service.TestGetTicketComments" name="test_get_comments_missing_auth" time="0.001" /><testcase classname="src.ticket_api.src.ticket_api.ticket_service.tests.test_ticket_service.TestGetTicketComments" name="test_get_comments_invalid_user" time="0.001" /><testcase classname="src.ticket_api.src.ticket_api.ticket_service.tests.test_ticket_service.TestGetTicketComments" name="test_create_ticket_value_error" time="0.002" /><testcase classname="src.ticket_api.src.ticket_api.ticket_service.tests.test_ticket_service.TestGetTicketComments" name="test_get_ticket_not_found" time="0.002" /><testcase classname="src.ticket_api.src.ticket_api.ticket_service.tests.test_ticket_service.TestGetTicketComments" name="test_get_ticket_comments_exception" time="0.003" /><testcase classname="src.ticket_api.src.ticket_api.ticket_service.tests.test_ticket_service.TestGetTicketComments" name="test_list_tickets_value_error" time="0.002" /><testcase classname="src.ticket_api.src.ticket_api.ticket_service.tests.test_ticket_service.TestGetTicketComments" name="test_list_tickets_exception" time="0.002" /><testcase classname="src.ticket_api.src.ticket_api.ticket_service.tests.test_ticket_service.TestGetTicketComments" name="test_update_ticket_exception" time="0.002" /><testcase classname="src.ticket_api.src.ticket_api.ticket_service.tests.test_ticket_service.TestGetTicketComments" name="test_update_ticket_not_found" time="0.003" /><testcase classname="src.ticket_api.tests.test_adapter.TestSimpleTicket" name="test_simple_ticket_properties" time="0.000" /><testcase classname="src.ticket_api.tests.test_adapter.TestSimpleTicket" name="test_simple_ticket_no_assignee" time="0.000" /><testcase classname="src.ticket_api.tests.test_adapter.TestSimpleTicket" name="test_simple_ticket_immutable" time="0.000" /><testcase classname="src.ticket_api.tests.test_adapter.TestStandardizedTicketAdapter" name="test_adapter_initialization" time="0.003" /><testcase classname="src.ticket_api.tests.test_adapter.TestStandardizedTicketAdapter" name="test_adapter_default_reporter" time="0.003" /><testcase classname="src.ticket_api.tests.test_adapter.TestStandardizedTicketAdapter" name="test_to_simple_conversion" time="0.003" /><testcase classname="src.ticket_api.tests.test_adapter.TestStandardizedTicketAdapter" name="test_status_mapping_open" time="0.003" /><testcase classname="src.ticket_api.tests.test_adapter.TestStandardizedTicketAdapter" name="test_status_mapping_in_progress" time="0.003" /><testcase classname="src.ticket_api.tests.test_adapter.TestStandardizedTicketAdapter" name="test_status_mapping_resolved" time="0.004" /><testcase classname="src.ticket_api.tests.test_adapter.TestStandardizedTicketAdapter" name="test_status_mapping_closed" time="0.003" /><testcase classname="src.ticket_api.tests.test_adapter.TestStandardizedTicketAdapter" name="test_to_internal_status_open" time="0.003" /><testcase classname="src.ticket_api.tests.test_adapter.TestStandardizedTicketAdapter" name="test_to_internal_status_in_progress" time="0.003" /><testcase classname="src.ticket_api.tests.test_adapter.TestStandardizedTicketAdapter" name="test_to_internal_status_closed" time="0.003" /><testcase classname="src.ticket_api.tests.test_adapter.TestStandardizedTicketAdapter" name="test_create_ticket" time="0.004" /><testcase classname="src.ticket_api.tests.test_adapter.TestStandardizedTicketAdapter" name="test_create_ticket_no_assignee" time="0.004" /><testcase classname="src.ticket_api.tests.test_adapter.TestStandardizedTicketAdapter" name="test_get_ticket_found" time="0.004" /><testcase classname="src.ticket_api.tests.test_adapter.TestStandardizedTicketAdapter" name="test_get_ticket_not_found" time="0.003" /><testcase classname="src.ticket_api.tests.test_adapter.TestStandardizedTicketAdapter" name="test_get_ticket_invalid_uuid" time="0.003" /><testcase classname="src.ticket_api.tests.test_adapter.TestStandardizedTicketAdapter" name="test_search_tickets_no_filters" time="0.004" /><testcase classname="src.ticket_api.tests.test_adapter.TestStandardizedTicketAdapter" name="test_search_tickets_with_status" time="0.004" /><testcase classname="src.ticket_api.tests.test_adapter.TestStandardizedTicketAdapter" name="test_search_tickets_with_query" time="0.004" /><testcase classname="src.ticket_api.tests.test_adapter.TestStandardizedTicketAdapter" name="test_search_tickets_query_case_insensitive" time="0.004" /><testcase classname="src.ticket_api.tests.test_adapter.TestStandardizedTicketAdapter" name="test_search_tickets_query_searches_description" time="0.003" /><testcase classname="src.ticket_api.tests.test_adapter.TestStandardizedTicketAdapter" name="test_search_tickets_with_status_and_query" time="0.004" /><testcase classname="src.ticket_api.tests.test_adapter.TestStandardizedTicketAdapter" name="test_update_ticket_status" time="0.004" /><testcase classname="src.ticket_api.tests.test_adapter.TestStandardizedTicketAdapter" name="test_update_ticket_title" time="0.004" /><testcase classname="src.ticket_api.tests.test_adapter.TestStandardizedTicketAdapter" name="test_update_ticket_both_fields" time="0.004" /><testcase classname="src.ticket_api.tests.test_adapter.TestStandardizedTicketAdapter" name="test_update_ticket_not_found" time="0.004" /><testcase classname="src.ticket_api.tests.test_adapter.TestStandardizedTicketAdapter" name="test_update_ticket_invalid_uuid" time="0.003" /><testcase classname="src.ticket_api.tests.test_adapter.TestStandardizedTicketAdapter" name="test_delete_ticket_success" time="0.004" /><testcase classname="src.ticket_api.tests.test_adapter.TestStandardizedTicketAdapter" name="test_delete_ticket_not_found" time="0.003" /><testcase classname="src.ticket_api.tests.test_adapter.TestStandardizedTicketAdapter" name="test_delete_ticket_invalid_uuid" time="0.003" /><testcase classname="src.ticket_api.tests.test_adapter.TestAdapterIntegration" name="test_full_ticket_lifecycle" time="0.003" /><testcase classname="src.ticket_api.tests.test_api_contract.TestTicketModel" name="test_ticket_creation_with_defaults" time="0.000" /><testcase classname="src.ticket_api.tests.test_api_contract.TestTicketModel" name="test_ticket_creation_with_all_fields" time="0.000" /><testcase classname="src.ticket_api.tests.test_api_contract.TestCommentModel" name="test_comment_creation" time="0.000" /><testcase classname="src.ticket_api.tests.test_api_contract.TestCommentModel" name="test_comment_immutability" time="0.000" /><testcase classname="src.ticket_api.tests.test_api_contract.TestTicketServiceAPI" name="test_cannot_instantiate_abstract_class" time="0.000" /><testcase classname="src.ticket_api.tests.test_api_contract.TestTicketServiceAPI" name="test_concrete_implementation_must_implement_all_methods" time="0.000" /><testcase classname="src.ticket_api.tests.test_api_contract.TestTicketServiceAPI" name="test_complete_implementation_can_be_instantiated" time="0.000" /><testcase classname="src.ticket_api.tests.test_api_contract.TestExceptions" name="test_service_error_creation" time="0.000" /><testcase classname="src.ticket_api.tests.test_api_contract.TestExceptions" name="test_ticket_not_found_error_creation" time="0.000" /><testcase classname="src.ticket_api.tests.test_api_contract.TestExceptions" name="test_ticket_not_found_error_is_exception" time="0.000" /><testcase classname="src.ticket_api.tests.test_api_contract.TestEnums" name="test_ticket_status_values" time="0.000" /><testcase classname="src.ticket_api.tests.test_api_contract.TestEnums" name="test_ticket_priority_values" time="0.000" /><testcase classname="src.ticket_api.tests.test_edge_cases.TestEdgeCases" name="test_ticket_with_unicode_content" time="0.000" /><testcase classname="src.ticket_api.tests.test_edge_cases.TestEdgeCases" name="test_ticket_boundary_lengths" time="0.000" /><testcase classname="src.ticket_api.tests.test_edge_cases.TestEdgeCases" name="test_comment_boundary_length" time="0.000" /><testcase classname="src.ticket_api.tests.test_edge_cases.TestEdgeCases" name="test_ticket_priority_levels" time="0.000" /><testcase classname="src.ticket_api.tests.test_edge_cases.TestEdgeCases" name="test_empty_comments_list" time="0.000" /><testcase classname="src.ticket_api.tests.test_edge_cases.TestEdgeCases" name="test_ticket_with_minimal_fields" time="0.000" /><testcase classname="src.ticket_api.tests.test_edge_cases.TestEdgeCases" name="test_ticket_immutability" time="0.000" /><testcase classname="src.ticket_api.tests.test_ticket_adapter" name="test_create_ticket" time="0.001" /><testcase classname="src.ticket_api.tests.test_ticket_adapter" name="test_create_ticket_no_assignee" time="0.000" /><testcase classname="src.ticket_api.tests.test_ticket_adapter" name="test_get_ticket_found" time="0.002" /><testcase classname="src.ticket_api.tests.test_ticket_adapter" name="test_get_ticket_not_found" time="0.000" /><testcase classname="src.ticket_api.tests.test_ticket_adapter" name="test_get_ticket_invalid_uuid" time="0.000" /><testcase classname="src.ticket_api.tests.test_ticket_adapter" name="test_search_tickets_by_status" time="0.001" /><testcase classname="src.ticket_api.tests.test_ticket_adapter" name="test_search_tickets_by_query" time="0.001" /><testcase classname="src.ticket_api.tests.test_ticket_adapter" name="test_search_tickets_by_query_and_status" time="0.001" /><testcase classname="src.ticket_api.tests.test_ticket_adapter" name="test_search_tickets_no_results" time="0.000" /><testcase classname="src.ticket_api.tests.test_ticket_adapter" name="test_update_ticket_status" time="0.001" /><testcase classname="src.ticket_api.tests.test_ticket_adapter" name="test_update_ticket_title" time="0.001" /><testcase classname="src.ticket_api.tests.test_ticket_adapter" name="test_update_ticket_description" time="0.001" /><testcase classname="src.ticket_api.tests.test_ticket_adapter" name="test_update_ticket_assignee" time="0.001" /><testcase classname="src.ticket_api.tests.test_ticket_adapter" name="test_update_ticket_multiple_fields" time="0.001" /><testcase classname="src.ticket_api.tests.test_ticket_adapter" name="test_update_ticket_not_found" time="0.000" /><testcase classname="src.ticket_api.tests.test_ticket_adapter" name="test_update_ticket_invalid_uuid" time="0.000" /><testcase classname="src.ticket_api.tests.test_ticket_adapter" name="test_delete_ticket_success" time="0.001" /><testcase classname="src.ticket_api.tests.test_ticket_adapter" name="test_delete_ticket_not_found" time="0.000" /><testcase classname="src.ticket_api.tests.test_ticket_adapter" name="test_delete_ticket_invalid_uuid" time="0.000" /><testcase classname="src.ticket_api.tests.test_ticket_adapter" name="test_to_simple_conversion" time="0.000" /><testcase classname="src.ticket_api.tests.test_ticket_adapter" name="test_status_mapping_open" time="0.000" /><testcase classname="src.ticket_api.tests.test_ticket_adapter" name="test_status_mapping_in_progress" time="0.001" /><testcase classname="src.ticket_api.tests.test_ticket_adapter" name="test_status_mapping_closed" time="0.001" /><testcase classname="src.ticket_api.tests.test_ticket_adapter" name="test_adapter_with_custom_reporter" time="0.000" /><testcase classname="src.ticket_api.tests.test_ticket_adapter" name="test_search_tickets_empty_query" time="0.001" /><testcase classname="src.ticket_api.tests.test_ticket_adapter" name="test_search_tickets_none_query" time="0.001" /><testcase classname="src.ticket_api.tests.test_ticket_adapter" name="test_to_simple_status_mapping_resolved" time="0.000" /><testcase classname="src.ticket_api.tests.test_ticket_adapter" name="test_to_simple_status_mapping_closed" time="0.000" /><testcase classname="src.ticket_api.tests.test_ticket_adapter" name="test_to_internal_status_mapping_closed" time="0.000" /><testcase classname="src.ticket_api.tests.test_ticket_adapter" name="test_to_internal_status_mapping_open" time="0.000" /><testcase classname="src.ticket_api.tests.test_ticket_adapter" name="test_to_internal_status_mapping_in_progress" time="0.000" /><testcase classname="tests.e2e.test_main_application" name="test_main_script_with_env_vars_only" time="0.000"><skipped type="pytest.skip" message="Missing required environment variables for CI test: ['GMAIL_CLIENT_ID', 'GMAIL_CLIENT_SECRET', 'GMAIL_REFRESH_TOKEN']">/Users/rachit/Documents/NYU Courses/open source/oss-taapp/tests/e2e/test_main_application.py:90: Missing required environment variables for CI test: ['GMAIL_CLIENT_ID', 'GMAIL_CLIENT_SECRET', 'GMAIL_REFRESH_TOKEN']</skipped></testcase><testcase classname="tests.e2e.test_main_application" name="test_main_script_syntax_is_valid" time="0.028" /><testcase classname="tests.e2e.test_main_application" name="test_main_script_imports_work" time="0.121" /><testcase classname="tests.e2e.test_main_application" name="test_application_structure_integrity" time="0.000" /><testcase classname="tests.e2e.test_real_gmail" name="test_real_gmail_flow" time="0.000"><skipped type="pytest.skip" message="Real Gmail E2E requires RUN_REAL_GMAIL_E2E=1">/Users/rachit/Documents/NYU Courses/open source/oss-taapp/tests/e2e/test_real_gmail.py:16: Real Gmail E2E requires RUN_REAL_GMAIL_E2E=1</skipped></testcase><testcase classname="tests.integration.test_adapter_with_generated_client" name="test_adapter_end_to_end_against_app" time="0.009" /><testcase classname="tests.integration.test_chat_ai_ticket_integration" name="test_create_ticket_flow" time="0.000"><skipped type="pytest.skip" message="Integration tests require running AI service - skipping in unit test suite">/Users/rachit/Documents/NYU Courses/open source/oss-taapp/tests/integration/test_chat_ai_ticket_integration.py:90: Integration tests require running AI service - skipping in unit test suite</skipped></testcase><testcase classname="tests.integration.test_chat_ai_ticket_integration" name="test_get_ticket_flow" time="0.000"><skipped type="pytest.skip" message="Integration tests require running AI service - skipping in unit test suite">/Users/rachit/Documents/NYU Courses/open source/oss-taapp/tests/integration/test_chat_ai_ticket_integration.py:185: Integration tests require running AI service - skipping in unit test suite</skipped></testcase><testcase classname="tests.integration.test_chat_ai_ticket_integration" name="test_search_tickets_flow" time="0.000"><skipped type="pytest.skip" message="Integration tests require running AI service - skipping in unit test suite">/Users/rachit/Documents/NYU Courses/open source/oss-taapp/tests/integration/test_chat_ai_ticket_integration.py:246: Integration tests require running AI service - skipping in unit test suite</skipped></testcase><testcase classname="tests.integration.test_chat_ai_ticket_integration" name="test_adapters_implement_interfaces" time="0.000"><skipped type="pytest.skip" message="Integration tests require running AI service - skipping in unit test suite">/Users/rachit/Documents/NYU Courses/open source/oss-taapp/tests/integration/test_chat_ai_ticket_integration.py:316: Integration tests require running AI service - skipping in unit test suite</skipped></testcase><testcase classname="tests.integration.test_client_integration" name="test_get_client_and_authenticate" time="0.000"><skipped type="pytest.skip" message="Skipping integration test: no valid credentials available">/Users/rachit/Documents/NYU Courses/open source/oss-taapp/tests/integration/test_client_integration.py:129: Skipping integration test: no valid credentials available</skipped></testcase><testcase classname="tests.integration.test_client_integration" name="test_adapter_service_integration" time="0.007" /><testcase classname="tests.integration.test_client_integration" name="test_dependency_injection_works" time="0.000" /><testcase classname="tests.integration.test_client_integration" name="test_message_dependency_injection" time="0.000" /><testcase classname="tests.integration.test_client_integration" name="test_factory_functions_work_together" time="0.000" /><testcase classname="tests.integration.test_client_integration" name="test_client_scope_permissions" time="0.000"><skipped type="pytest.skip" message="Skipping integration test: no valid credentials available">/Users/rachit/Documents/NYU Courses/open source/oss-taapp/tests/integration/test_client_integration.py:215: Skipping integration test: no valid credentials available</skipped></testcase><testcase classname="tests.integration.test_client_integration" name="test_client_initialization_modes" time="0.000" /><testcase classname="tests.integration.test_generated_client" name="test_client_generation_is_available" time="0.000" /><testcase classname="tests.integration.test_generated_client" name="test_client_can_be_generated_from_test_service" time="0.009" /><testcase classname="tests.integration.test_generated_client" name="test_service_endpoints_accessible_via_test_client" time="0.003" /><testcase classname="tests.integration.test_generated_client" name="test_openapi_spec_structure" time="0.001" /><testcase classname="tests.integration.test_generated_client" name="test_all_endpoints_have_request_body_schemas" time="0.001" /><testcase classname="tests.integration.test_generated_client" name="test_service_handles_missing_session" time="0.001" /><testcase classname="tests.integration.test_integration_flow" name="test_integration_flow_create_ticket" time="0.002" /><testcase classname="tests.integration.test_integration_flow" name="test_integration_flow_get_ticket" time="0.001" /><testcase classname="tests.integration.test_integration_flow" name="test_adapters_implement_interfaces" time="0.001" /></testsuite></testsuites>